<?xml version="1.0" encoding="UTF-8"?>
<!-- Generated by org.testng.reporters.JUnitReportReporter -->
<testsuite hostname="Nishiraj" failures="0" tests="12" name="api.PatientTest" time="2.237" errors="0" timestamp="2025-06-19T19:00:20 IST" skipped="0">
  <testcase classname="api.PatientTest" name="updatePatientId10_shouldReturnUpdatedData" time="0.040"/>
  <testcase classname="api.PatientTest" name="deletePatientDynamically_shouldReturn200or204" time="0.058"/>
  <testcase classname="api.PatientTest" name="getPatientByInvalidId_shouldReturn404" time="0.008"/>
  <testcase classname="api.PatientTest" name="getAllPatients_shouldReturnAtLeast50Patients" time="0.040"/>
  <testcase classname="api.PatientTest" name="verifyUniquePatientIds" time="0.038"/>
  <testcase classname="api.PatientTest" name="getPatientById1_shouldReturnAaravSharma" time="0.036"/>
  <testcase classname="api.PatientTest" name="getPatients_shouldHaveRequiredFields" time="0.093"/>
  <testcase classname="api.PatientTest" name="contentTypeShouldBeJson" time="0.020"/>
  <testcase classname="api.PatientTest" name="checkPatientCountGreaterThan40" time="1.779"/>
  <testcase classname="api.PatientTest" name="createPatientWithoutDisease_shouldSetNull" time="0.030"/>
  <testcase classname="api.PatientTest" name="patientId1_ageShouldBeGreaterThan30" time="0.024"/>
  <testcase classname="api.PatientTest" name="createNewPatient_shouldReturn201" time="0.071"/>
</testsuite> <!-- api.PatientTest -->
